<?xml version="1.0" encoding="UTF-8"?>
<!-- Generated by org.testng.reporters.JUnitReportReporter -->
<testsuite hostname="DESKTOP-M5HSKV8" name="runner.Demo_Non" tests="1" failures="0" timestamp="16 Jun 2019 10:45:46 GMT" time="30.650" errors="0">
  <testcase name="testing" time="30.650" classname="runner.Demo_Non"/>
</testsuite> <!-- runner.Demo_Non -->
